<?xml version="1.0" encoding="UTF-8"?>
<!-- Generated by org.testng.reporters.JUnitXMLReporter -->
<testsuite ignored="0" hostname="DESKTOP-IS5811H" failures="0" tests="3" name="Test" time="18.28" errors="0" timestamp="2025-01-24T12:46:26 WIB">
  <testcase classname="TestScenarios.CheckOut" name="CheckOutApp" time="8.127"/>
  <testcase classname="TestScenarios.CheckOutCopy" name="AddtoCart" time="1.704"/>
  <testcase classname="TestScenarios.CheckOutCopy" name="Informations" time="1.846"/>
</testsuite> <!-- Test -->
