<?xml version="1.0" encoding="UTF-8"?>
<testng-results ignored="0" total="3" passed="3" failed="0" skipped="0">
  <reporter-output>
  </reporter-output>
  <suite started-at="2025-01-24T12:46:08 WIB" name="Suite" finished-at="2025-01-24T12:46:26 WIB" duration-ms="18280">
    <groups>
    </groups>
    <test started-at="2025-01-24T12:46:08 WIB" name="Test" finished-at="2025-01-24T12:46:26 WIB" duration-ms="18280">
      <class name="TestScenarios.CheckOut">
        <test-method signature="CheckOutApp()[pri:0, instance:TestScenarios.CheckOut@65e98b1c]" started-at="2025-01-24T12:46:14 WIB" name="CheckOutApp" finished-at="2025-01-24T12:46:22 WIB" duration-ms="8127" status="PASS">
          <reporter-output>
          </reporter-output>
        </test-method> <!-- CheckOutApp -->
      </class> <!-- TestScenarios.CheckOut -->
      <class name="TestScenarios.CheckOutCopy">
        <test-method is-config="true" signature="CheckOutApp1()[pri:0, instance:TestScenarios.CheckOutCopy@291caca8]" started-at="2025-01-24T12:46:08 WIB" name="CheckOutApp1" finished-at="2025-01-24T12:46:14 WIB" duration-ms="6235" status="PASS">
          <reporter-output>
          </reporter-output>
        </test-method> <!-- CheckOutApp1 -->
        <test-method signature="AddtoCart()[pri:0, instance:TestScenarios.CheckOutCopy@291caca8]" started-at="2025-01-24T12:46:22 WIB" name="AddtoCart" finished-at="2025-01-24T12:46:24 WIB" duration-ms="1704" status="PASS">
          <reporter-output>
          </reporter-output>
        </test-method> <!-- AddtoCart -->
        <test-method signature="Informations()[pri:0, instance:TestScenarios.CheckOutCopy@291caca8]" started-at="2025-01-24T12:46:24 WIB" name="Informations" finished-at="2025-01-24T12:46:26 WIB" duration-ms="1846" status="PASS">
          <reporter-output>
          </reporter-output>
        </test-method> <!-- Informations -->
        <test-method is-config="true" signature="AfterTest()[pri:0, instance:TestScenarios.CheckOutCopy@291caca8]" started-at="2025-01-24T12:46:26 WIB" name="AfterTest" finished-at="2025-01-24T12:46:26 WIB" duration-ms="288" status="PASS">
          <reporter-output>
          </reporter-output>
        </test-method> <!-- AfterTest -->
      </class> <!-- TestScenarios.CheckOutCopy -->
    </test> <!-- Test -->
  </suite> <!-- Suite -->
</testng-results>
